[2025-11-01T00:00:11.434+0000] {processor.py:186} INFO - Started process (PID=8464) to work on /opt/airflow/dags/ettc_dag.py
[2025-11-01T00:00:11.435+0000] {processor.py:914} INFO - Processing file /opt/airflow/dags/ettc_dag.py for tasks to queue
[2025-11-01T00:00:11.437+0000] {logging_mixin.py:190} INFO - [2025-11-01T00:00:11.437+0000] {dagbag.py:588} INFO - Filling up the DagBag from /opt/airflow/dags/ettc_dag.py
[2025-11-01T00:00:11.474+0000] {processor.py:925} INFO - DAG(s) 'ettc_pipeline' retrieved from /opt/airflow/dags/ettc_dag.py
[2025-11-01T00:00:11.506+0000] {logging_mixin.py:190} INFO - [2025-11-01T00:00:11.506+0000] {dag.py:3239} INFO - Sync 1 DAGs
[2025-11-01T00:00:11.517+0000] {logging_mixin.py:190} INFO - [2025-11-01T00:00:11.516+0000] {dag.py:4180} INFO - Setting next_dagrun for ettc_pipeline to None, run_after=None
[2025-11-01T00:00:11.535+0000] {processor.py:208} INFO - Processing /opt/airflow/dags/ettc_dag.py took 0.105 seconds
[2025-11-01T00:00:41.654+0000] {processor.py:186} INFO - Started process (PID=8471) to work on /opt/airflow/dags/ettc_dag.py
[2025-11-01T00:00:41.657+0000] {processor.py:914} INFO - Processing file /opt/airflow/dags/ettc_dag.py for tasks to queue
[2025-11-01T00:00:41.665+0000] {logging_mixin.py:190} INFO - [2025-11-01T00:00:41.664+0000] {dagbag.py:588} INFO - Filling up the DagBag from /opt/airflow/dags/ettc_dag.py
[2025-11-01T00:00:41.706+0000] {processor.py:925} INFO - DAG(s) 'ettc_pipeline' retrieved from /opt/airflow/dags/ettc_dag.py
[2025-11-01T00:00:41.727+0000] {logging_mixin.py:190} INFO - [2025-11-01T00:00:41.727+0000] {dag.py:3239} INFO - Sync 1 DAGs
[2025-11-01T00:00:41.737+0000] {logging_mixin.py:190} INFO - [2025-11-01T00:00:41.737+0000] {dag.py:4180} INFO - Setting next_dagrun for ettc_pipeline to None, run_after=None
[2025-11-01T00:00:41.755+0000] {processor.py:208} INFO - Processing /opt/airflow/dags/ettc_dag.py took 0.116 seconds
[2025-11-01T00:01:11.974+0000] {processor.py:186} INFO - Started process (PID=8478) to work on /opt/airflow/dags/ettc_dag.py
[2025-11-01T00:01:11.976+0000] {processor.py:914} INFO - Processing file /opt/airflow/dags/ettc_dag.py for tasks to queue
[2025-11-01T00:01:11.981+0000] {logging_mixin.py:190} INFO - [2025-11-01T00:01:11.981+0000] {dagbag.py:588} INFO - Filling up the DagBag from /opt/airflow/dags/ettc_dag.py
[2025-11-01T00:01:12.030+0000] {processor.py:925} INFO - DAG(s) 'ettc_pipeline' retrieved from /opt/airflow/dags/ettc_dag.py
[2025-11-01T00:01:12.054+0000] {logging_mixin.py:190} INFO - [2025-11-01T00:01:12.053+0000] {dag.py:3239} INFO - Sync 1 DAGs
[2025-11-01T00:01:12.065+0000] {logging_mixin.py:190} INFO - [2025-11-01T00:01:12.065+0000] {dag.py:4180} INFO - Setting next_dagrun for ettc_pipeline to None, run_after=None
[2025-11-01T00:01:12.092+0000] {processor.py:208} INFO - Processing /opt/airflow/dags/ettc_dag.py took 0.123 seconds
[2025-11-01T00:01:42.987+0000] {processor.py:186} INFO - Started process (PID=8485) to work on /opt/airflow/dags/ettc_dag.py
[2025-11-01T00:01:42.989+0000] {processor.py:914} INFO - Processing file /opt/airflow/dags/ettc_dag.py for tasks to queue
[2025-11-01T00:01:42.993+0000] {logging_mixin.py:190} INFO - [2025-11-01T00:01:42.992+0000] {dagbag.py:588} INFO - Filling up the DagBag from /opt/airflow/dags/ettc_dag.py
[2025-11-01T00:01:43.034+0000] {processor.py:925} INFO - DAG(s) 'ettc_pipeline' retrieved from /opt/airflow/dags/ettc_dag.py
[2025-11-01T00:01:43.097+0000] {logging_mixin.py:190} INFO - [2025-11-01T00:01:43.097+0000] {dag.py:3239} INFO - Sync 1 DAGs
[2025-11-01T00:01:43.129+0000] {logging_mixin.py:190} INFO - [2025-11-01T00:01:43.129+0000] {dag.py:4180} INFO - Setting next_dagrun for ettc_pipeline to None, run_after=None
[2025-11-01T00:01:43.166+0000] {processor.py:208} INFO - Processing /opt/airflow/dags/ettc_dag.py took 0.190 seconds
[2025-11-01T00:02:14.184+0000] {processor.py:186} INFO - Started process (PID=8492) to work on /opt/airflow/dags/ettc_dag.py
[2025-11-01T00:02:14.186+0000] {processor.py:914} INFO - Processing file /opt/airflow/dags/ettc_dag.py for tasks to queue
[2025-11-01T00:02:14.192+0000] {logging_mixin.py:190} INFO - [2025-11-01T00:02:14.191+0000] {dagbag.py:588} INFO - Filling up the DagBag from /opt/airflow/dags/ettc_dag.py
[2025-11-01T00:02:14.231+0000] {processor.py:925} INFO - DAG(s) 'ettc_pipeline' retrieved from /opt/airflow/dags/ettc_dag.py
[2025-11-01T00:02:14.256+0000] {logging_mixin.py:190} INFO - [2025-11-01T00:02:14.255+0000] {dag.py:3239} INFO - Sync 1 DAGs
[2025-11-01T00:02:14.266+0000] {logging_mixin.py:190} INFO - [2025-11-01T00:02:14.266+0000] {dag.py:4180} INFO - Setting next_dagrun for ettc_pipeline to None, run_after=None
[2025-11-01T00:02:14.287+0000] {processor.py:208} INFO - Processing /opt/airflow/dags/ettc_dag.py took 0.118 seconds
[2025-11-01T00:02:44.448+0000] {processor.py:186} INFO - Started process (PID=8499) to work on /opt/airflow/dags/ettc_dag.py
[2025-11-01T00:02:44.451+0000] {processor.py:914} INFO - Processing file /opt/airflow/dags/ettc_dag.py for tasks to queue
[2025-11-01T00:02:44.458+0000] {logging_mixin.py:190} INFO - [2025-11-01T00:02:44.457+0000] {dagbag.py:588} INFO - Filling up the DagBag from /opt/airflow/dags/ettc_dag.py
[2025-11-01T00:02:44.536+0000] {processor.py:925} INFO - DAG(s) 'ettc_pipeline' retrieved from /opt/airflow/dags/ettc_dag.py
[2025-11-01T00:02:44.564+0000] {logging_mixin.py:190} INFO - [2025-11-01T00:02:44.564+0000] {dag.py:3239} INFO - Sync 1 DAGs
[2025-11-01T00:02:44.576+0000] {logging_mixin.py:190} INFO - [2025-11-01T00:02:44.576+0000] {dag.py:4180} INFO - Setting next_dagrun for ettc_pipeline to None, run_after=None
[2025-11-01T00:02:44.595+0000] {processor.py:208} INFO - Processing /opt/airflow/dags/ettc_dag.py took 0.159 seconds
[2025-11-01T00:03:14.711+0000] {processor.py:186} INFO - Started process (PID=8506) to work on /opt/airflow/dags/ettc_dag.py
[2025-11-01T00:03:14.715+0000] {processor.py:914} INFO - Processing file /opt/airflow/dags/ettc_dag.py for tasks to queue
[2025-11-01T00:03:14.720+0000] {logging_mixin.py:190} INFO - [2025-11-01T00:03:14.719+0000] {dagbag.py:588} INFO - Filling up the DagBag from /opt/airflow/dags/ettc_dag.py
[2025-11-01T00:03:14.817+0000] {processor.py:925} INFO - DAG(s) 'ettc_pipeline' retrieved from /opt/airflow/dags/ettc_dag.py
[2025-11-01T00:03:14.848+0000] {logging_mixin.py:190} INFO - [2025-11-01T00:03:14.848+0000] {dag.py:3239} INFO - Sync 1 DAGs
[2025-11-01T00:03:14.859+0000] {logging_mixin.py:190} INFO - [2025-11-01T00:03:14.858+0000] {dag.py:4180} INFO - Setting next_dagrun for ettc_pipeline to None, run_after=None
[2025-11-01T00:03:14.887+0000] {processor.py:208} INFO - Processing /opt/airflow/dags/ettc_dag.py took 0.190 seconds
[2025-11-01T00:03:45.808+0000] {processor.py:186} INFO - Started process (PID=8513) to work on /opt/airflow/dags/ettc_dag.py
[2025-11-01T00:03:45.809+0000] {processor.py:914} INFO - Processing file /opt/airflow/dags/ettc_dag.py for tasks to queue
[2025-11-01T00:03:45.811+0000] {logging_mixin.py:190} INFO - [2025-11-01T00:03:45.811+0000] {dagbag.py:588} INFO - Filling up the DagBag from /opt/airflow/dags/ettc_dag.py
[2025-11-01T00:03:45.842+0000] {processor.py:925} INFO - DAG(s) 'ettc_pipeline' retrieved from /opt/airflow/dags/ettc_dag.py
[2025-11-01T00:03:45.861+0000] {logging_mixin.py:190} INFO - [2025-11-01T00:03:45.861+0000] {dag.py:3239} INFO - Sync 1 DAGs
[2025-11-01T00:03:45.870+0000] {logging_mixin.py:190} INFO - [2025-11-01T00:03:45.870+0000] {dag.py:4180} INFO - Setting next_dagrun for ettc_pipeline to None, run_after=None
[2025-11-01T00:03:45.890+0000] {processor.py:208} INFO - Processing /opt/airflow/dags/ettc_dag.py took 0.088 seconds
[2025-11-01T00:04:16.853+0000] {processor.py:186} INFO - Started process (PID=8520) to work on /opt/airflow/dags/ettc_dag.py
[2025-11-01T00:04:16.855+0000] {processor.py:914} INFO - Processing file /opt/airflow/dags/ettc_dag.py for tasks to queue
[2025-11-01T00:04:16.861+0000] {logging_mixin.py:190} INFO - [2025-11-01T00:04:16.860+0000] {dagbag.py:588} INFO - Filling up the DagBag from /opt/airflow/dags/ettc_dag.py
[2025-11-01T00:04:16.909+0000] {processor.py:925} INFO - DAG(s) 'ettc_pipeline' retrieved from /opt/airflow/dags/ettc_dag.py
[2025-11-01T00:04:16.949+0000] {logging_mixin.py:190} INFO - [2025-11-01T00:04:16.949+0000] {dag.py:3239} INFO - Sync 1 DAGs
[2025-11-01T00:04:16.964+0000] {logging_mixin.py:190} INFO - [2025-11-01T00:04:16.963+0000] {dag.py:4180} INFO - Setting next_dagrun for ettc_pipeline to None, run_after=None
[2025-11-01T00:04:16.986+0000] {processor.py:208} INFO - Processing /opt/airflow/dags/ettc_dag.py took 0.144 seconds
[2025-11-01T00:04:49.085+0000] {processor.py:186} INFO - Started process (PID=8527) to work on /opt/airflow/dags/ettc_dag.py
[2025-11-01T00:04:49.085+0000] {processor.py:914} INFO - Processing file /opt/airflow/dags/ettc_dag.py for tasks to queue
[2025-11-01T00:04:49.087+0000] {logging_mixin.py:190} INFO - [2025-11-01T00:04:49.087+0000] {dagbag.py:588} INFO - Filling up the DagBag from /opt/airflow/dags/ettc_dag.py
[2025-11-01T00:04:49.103+0000] {processor.py:925} INFO - DAG(s) 'ettc_pipeline' retrieved from /opt/airflow/dags/ettc_dag.py
[2025-11-01T00:04:49.121+0000] {logging_mixin.py:190} INFO - [2025-11-01T00:04:49.121+0000] {dag.py:3239} INFO - Sync 1 DAGs
[2025-11-01T00:04:49.133+0000] {logging_mixin.py:190} INFO - [2025-11-01T00:04:49.133+0000] {dag.py:4180} INFO - Setting next_dagrun for ettc_pipeline to None, run_after=None
[2025-11-01T00:04:49.147+0000] {processor.py:208} INFO - Processing /opt/airflow/dags/ettc_dag.py took 0.066 seconds
[2025-11-01T00:05:20.189+0000] {processor.py:186} INFO - Started process (PID=8534) to work on /opt/airflow/dags/ettc_dag.py
[2025-11-01T00:05:20.190+0000] {processor.py:914} INFO - Processing file /opt/airflow/dags/ettc_dag.py for tasks to queue
[2025-11-01T00:05:20.192+0000] {logging_mixin.py:190} INFO - [2025-11-01T00:05:20.192+0000] {dagbag.py:588} INFO - Filling up the DagBag from /opt/airflow/dags/ettc_dag.py
[2025-11-01T00:05:20.225+0000] {processor.py:925} INFO - DAG(s) 'ettc_pipeline' retrieved from /opt/airflow/dags/ettc_dag.py
[2025-11-01T00:05:20.247+0000] {logging_mixin.py:190} INFO - [2025-11-01T00:05:20.247+0000] {dag.py:3239} INFO - Sync 1 DAGs
[2025-11-01T00:05:20.258+0000] {logging_mixin.py:190} INFO - [2025-11-01T00:05:20.258+0000] {dag.py:4180} INFO - Setting next_dagrun for ettc_pipeline to None, run_after=None
[2025-11-01T00:05:20.277+0000] {processor.py:208} INFO - Processing /opt/airflow/dags/ettc_dag.py took 0.092 seconds
[2025-11-01T00:05:52.310+0000] {processor.py:186} INFO - Started process (PID=8541) to work on /opt/airflow/dags/ettc_dag.py
[2025-11-01T00:05:52.312+0000] {processor.py:914} INFO - Processing file /opt/airflow/dags/ettc_dag.py for tasks to queue
[2025-11-01T00:05:52.315+0000] {logging_mixin.py:190} INFO - [2025-11-01T00:05:52.315+0000] {dagbag.py:588} INFO - Filling up the DagBag from /opt/airflow/dags/ettc_dag.py
[2025-11-01T00:05:52.337+0000] {processor.py:925} INFO - DAG(s) 'ettc_pipeline' retrieved from /opt/airflow/dags/ettc_dag.py
[2025-11-01T00:05:52.362+0000] {logging_mixin.py:190} INFO - [2025-11-01T00:05:52.362+0000] {dag.py:3239} INFO - Sync 1 DAGs
[2025-11-01T00:05:52.371+0000] {logging_mixin.py:190} INFO - [2025-11-01T00:05:52.371+0000] {dag.py:4180} INFO - Setting next_dagrun for ettc_pipeline to None, run_after=None
[2025-11-01T00:05:52.386+0000] {processor.py:208} INFO - Processing /opt/airflow/dags/ettc_dag.py took 0.084 seconds
[2025-11-01T00:06:23.601+0000] {processor.py:186} INFO - Started process (PID=8548) to work on /opt/airflow/dags/ettc_dag.py
[2025-11-01T00:06:23.605+0000] {processor.py:914} INFO - Processing file /opt/airflow/dags/ettc_dag.py for tasks to queue
[2025-11-01T00:06:23.612+0000] {logging_mixin.py:190} INFO - [2025-11-01T00:06:23.612+0000] {dagbag.py:588} INFO - Filling up the DagBag from /opt/airflow/dags/ettc_dag.py
[2025-11-01T00:06:23.739+0000] {processor.py:925} INFO - DAG(s) 'ettc_pipeline' retrieved from /opt/airflow/dags/ettc_dag.py
[2025-11-01T00:06:23.766+0000] {logging_mixin.py:190} INFO - [2025-11-01T00:06:23.765+0000] {dag.py:3239} INFO - Sync 1 DAGs
[2025-11-01T00:06:23.780+0000] {logging_mixin.py:190} INFO - [2025-11-01T00:06:23.779+0000] {dag.py:4180} INFO - Setting next_dagrun for ettc_pipeline to None, run_after=None
[2025-11-01T00:06:23.806+0000] {processor.py:208} INFO - Processing /opt/airflow/dags/ettc_dag.py took 0.220 seconds
[2025-11-01T00:06:55.699+0000] {processor.py:186} INFO - Started process (PID=8555) to work on /opt/airflow/dags/ettc_dag.py
[2025-11-01T00:06:55.701+0000] {processor.py:914} INFO - Processing file /opt/airflow/dags/ettc_dag.py for tasks to queue
[2025-11-01T00:06:55.703+0000] {logging_mixin.py:190} INFO - [2025-11-01T00:06:55.703+0000] {dagbag.py:588} INFO - Filling up the DagBag from /opt/airflow/dags/ettc_dag.py
[2025-11-01T00:06:55.742+0000] {processor.py:925} INFO - DAG(s) 'ettc_pipeline' retrieved from /opt/airflow/dags/ettc_dag.py
[2025-11-01T00:06:55.765+0000] {logging_mixin.py:190} INFO - [2025-11-01T00:06:55.764+0000] {dag.py:3239} INFO - Sync 1 DAGs
[2025-11-01T00:06:55.777+0000] {logging_mixin.py:190} INFO - [2025-11-01T00:06:55.777+0000] {dag.py:4180} INFO - Setting next_dagrun for ettc_pipeline to None, run_after=None
[2025-11-01T00:06:55.795+0000] {processor.py:208} INFO - Processing /opt/airflow/dags/ettc_dag.py took 0.100 seconds
[2025-11-01T00:07:25.904+0000] {processor.py:186} INFO - Started process (PID=8562) to work on /opt/airflow/dags/ettc_dag.py
[2025-11-01T00:07:25.905+0000] {processor.py:914} INFO - Processing file /opt/airflow/dags/ettc_dag.py for tasks to queue
[2025-11-01T00:07:25.907+0000] {logging_mixin.py:190} INFO - [2025-11-01T00:07:25.907+0000] {dagbag.py:588} INFO - Filling up the DagBag from /opt/airflow/dags/ettc_dag.py
[2025-11-01T00:07:25.926+0000] {processor.py:925} INFO - DAG(s) 'ettc_pipeline' retrieved from /opt/airflow/dags/ettc_dag.py
[2025-11-01T00:07:25.952+0000] {logging_mixin.py:190} INFO - [2025-11-01T00:07:25.952+0000] {dag.py:3239} INFO - Sync 1 DAGs
[2025-11-01T00:07:25.964+0000] {logging_mixin.py:190} INFO - [2025-11-01T00:07:25.964+0000] {dag.py:4180} INFO - Setting next_dagrun for ettc_pipeline to None, run_after=None
[2025-11-01T00:07:25.987+0000] {processor.py:208} INFO - Processing /opt/airflow/dags/ettc_dag.py took 0.088 seconds
[2025-11-01T00:07:56.461+0000] {processor.py:186} INFO - Started process (PID=8569) to work on /opt/airflow/dags/ettc_dag.py
[2025-11-01T00:07:56.463+0000] {processor.py:914} INFO - Processing file /opt/airflow/dags/ettc_dag.py for tasks to queue
[2025-11-01T00:07:56.467+0000] {logging_mixin.py:190} INFO - [2025-11-01T00:07:56.467+0000] {dagbag.py:588} INFO - Filling up the DagBag from /opt/airflow/dags/ettc_dag.py
[2025-11-01T00:07:56.600+0000] {processor.py:925} INFO - DAG(s) 'ettc_pipeline' retrieved from /opt/airflow/dags/ettc_dag.py
[2025-11-01T00:07:56.630+0000] {logging_mixin.py:190} INFO - [2025-11-01T00:07:56.630+0000] {dag.py:3239} INFO - Sync 1 DAGs
[2025-11-01T00:07:56.643+0000] {logging_mixin.py:190} INFO - [2025-11-01T00:07:56.642+0000] {dag.py:4180} INFO - Setting next_dagrun for ettc_pipeline to None, run_after=None
[2025-11-01T00:07:56.676+0000] {processor.py:208} INFO - Processing /opt/airflow/dags/ettc_dag.py took 0.219 seconds
[2025-11-01T00:08:26.755+0000] {processor.py:186} INFO - Started process (PID=8576) to work on /opt/airflow/dags/ettc_dag.py
[2025-11-01T00:08:26.755+0000] {processor.py:914} INFO - Processing file /opt/airflow/dags/ettc_dag.py for tasks to queue
[2025-11-01T00:08:26.758+0000] {logging_mixin.py:190} INFO - [2025-11-01T00:08:26.758+0000] {dagbag.py:588} INFO - Filling up the DagBag from /opt/airflow/dags/ettc_dag.py
[2025-11-01T00:08:26.819+0000] {processor.py:925} INFO - DAG(s) 'ettc_pipeline' retrieved from /opt/airflow/dags/ettc_dag.py
[2025-11-01T00:08:26.858+0000] {logging_mixin.py:190} INFO - [2025-11-01T00:08:26.858+0000] {dag.py:3239} INFO - Sync 1 DAGs
[2025-11-01T00:08:26.868+0000] {logging_mixin.py:190} INFO - [2025-11-01T00:08:26.868+0000] {dag.py:4180} INFO - Setting next_dagrun for ettc_pipeline to None, run_after=None
[2025-11-01T00:08:26.888+0000] {processor.py:208} INFO - Processing /opt/airflow/dags/ettc_dag.py took 0.138 seconds
[2025-11-01T00:08:57.129+0000] {processor.py:186} INFO - Started process (PID=8583) to work on /opt/airflow/dags/ettc_dag.py
[2025-11-01T00:08:57.131+0000] {processor.py:914} INFO - Processing file /opt/airflow/dags/ettc_dag.py for tasks to queue
[2025-11-01T00:08:57.133+0000] {logging_mixin.py:190} INFO - [2025-11-01T00:08:57.133+0000] {dagbag.py:588} INFO - Filling up the DagBag from /opt/airflow/dags/ettc_dag.py
[2025-11-01T00:08:57.238+0000] {processor.py:925} INFO - DAG(s) 'ettc_pipeline' retrieved from /opt/airflow/dags/ettc_dag.py
[2025-11-01T00:08:57.280+0000] {logging_mixin.py:190} INFO - [2025-11-01T00:08:57.280+0000] {dag.py:3239} INFO - Sync 1 DAGs
[2025-11-01T00:08:57.301+0000] {logging_mixin.py:190} INFO - [2025-11-01T00:08:57.301+0000] {dag.py:4180} INFO - Setting next_dagrun for ettc_pipeline to None, run_after=None
[2025-11-01T00:08:57.340+0000] {processor.py:208} INFO - Processing /opt/airflow/dags/ettc_dag.py took 0.217 seconds
[2025-11-01T00:09:27.535+0000] {processor.py:186} INFO - Started process (PID=8590) to work on /opt/airflow/dags/ettc_dag.py
[2025-11-01T00:09:27.539+0000] {processor.py:914} INFO - Processing file /opt/airflow/dags/ettc_dag.py for tasks to queue
[2025-11-01T00:09:27.544+0000] {logging_mixin.py:190} INFO - [2025-11-01T00:09:27.544+0000] {dagbag.py:588} INFO - Filling up the DagBag from /opt/airflow/dags/ettc_dag.py
[2025-11-01T00:09:27.635+0000] {processor.py:925} INFO - DAG(s) 'ettc_pipeline' retrieved from /opt/airflow/dags/ettc_dag.py
[2025-11-01T00:09:27.670+0000] {logging_mixin.py:190} INFO - [2025-11-01T00:09:27.670+0000] {dag.py:3239} INFO - Sync 1 DAGs
[2025-11-01T00:09:27.682+0000] {logging_mixin.py:190} INFO - [2025-11-01T00:09:27.681+0000] {dag.py:4180} INFO - Setting next_dagrun for ettc_pipeline to None, run_after=None
[2025-11-01T00:09:27.704+0000] {processor.py:208} INFO - Processing /opt/airflow/dags/ettc_dag.py took 0.173 seconds
[2025-11-01T00:09:57.750+0000] {processor.py:186} INFO - Started process (PID=8597) to work on /opt/airflow/dags/ettc_dag.py
[2025-11-01T00:09:57.751+0000] {processor.py:914} INFO - Processing file /opt/airflow/dags/ettc_dag.py for tasks to queue
[2025-11-01T00:09:57.754+0000] {logging_mixin.py:190} INFO - [2025-11-01T00:09:57.753+0000] {dagbag.py:588} INFO - Filling up the DagBag from /opt/airflow/dags/ettc_dag.py
[2025-11-01T00:09:57.785+0000] {processor.py:925} INFO - DAG(s) 'ettc_pipeline' retrieved from /opt/airflow/dags/ettc_dag.py
[2025-11-01T00:09:57.806+0000] {logging_mixin.py:190} INFO - [2025-11-01T00:09:57.806+0000] {dag.py:3239} INFO - Sync 1 DAGs
[2025-11-01T00:09:57.816+0000] {logging_mixin.py:190} INFO - [2025-11-01T00:09:57.816+0000] {dag.py:4180} INFO - Setting next_dagrun for ettc_pipeline to None, run_after=None
[2025-11-01T00:09:57.835+0000] {processor.py:208} INFO - Processing /opt/airflow/dags/ettc_dag.py took 0.091 seconds
[2025-11-01T00:10:27.939+0000] {processor.py:186} INFO - Started process (PID=8604) to work on /opt/airflow/dags/ettc_dag.py
[2025-11-01T00:10:27.941+0000] {processor.py:914} INFO - Processing file /opt/airflow/dags/ettc_dag.py for tasks to queue
[2025-11-01T00:10:27.945+0000] {logging_mixin.py:190} INFO - [2025-11-01T00:10:27.945+0000] {dagbag.py:588} INFO - Filling up the DagBag from /opt/airflow/dags/ettc_dag.py
[2025-11-01T00:10:27.979+0000] {processor.py:925} INFO - DAG(s) 'ettc_pipeline' retrieved from /opt/airflow/dags/ettc_dag.py
[2025-11-01T00:10:28.004+0000] {logging_mixin.py:190} INFO - [2025-11-01T00:10:28.003+0000] {dag.py:3239} INFO - Sync 1 DAGs
[2025-11-01T00:10:28.017+0000] {logging_mixin.py:190} INFO - [2025-11-01T00:10:28.017+0000] {dag.py:4180} INFO - Setting next_dagrun for ettc_pipeline to None, run_after=None
[2025-11-01T00:10:28.038+0000] {processor.py:208} INFO - Processing /opt/airflow/dags/ettc_dag.py took 0.103 seconds
[2025-11-01T00:10:58.380+0000] {processor.py:186} INFO - Started process (PID=8611) to work on /opt/airflow/dags/ettc_dag.py
[2025-11-01T00:10:58.394+0000] {processor.py:914} INFO - Processing file /opt/airflow/dags/ettc_dag.py for tasks to queue
[2025-11-01T00:10:58.412+0000] {logging_mixin.py:190} INFO - [2025-11-01T00:10:58.411+0000] {dagbag.py:588} INFO - Filling up the DagBag from /opt/airflow/dags/ettc_dag.py
[2025-11-01T00:10:58.690+0000] {processor.py:925} INFO - DAG(s) 'ettc_pipeline' retrieved from /opt/airflow/dags/ettc_dag.py
[2025-11-01T00:10:58.722+0000] {logging_mixin.py:190} INFO - [2025-11-01T00:10:58.722+0000] {dag.py:3239} INFO - Sync 1 DAGs
[2025-11-01T00:10:58.732+0000] {logging_mixin.py:190} INFO - [2025-11-01T00:10:58.732+0000] {dag.py:4180} INFO - Setting next_dagrun for ettc_pipeline to None, run_after=None
[2025-11-01T00:10:58.745+0000] {processor.py:208} INFO - Processing /opt/airflow/dags/ettc_dag.py took 0.381 seconds
[2025-11-01T00:11:28.861+0000] {processor.py:186} INFO - Started process (PID=8612) to work on /opt/airflow/dags/ettc_dag.py
[2025-11-01T00:11:28.862+0000] {processor.py:914} INFO - Processing file /opt/airflow/dags/ettc_dag.py for tasks to queue
[2025-11-01T00:11:28.864+0000] {logging_mixin.py:190} INFO - [2025-11-01T00:11:28.864+0000] {dagbag.py:588} INFO - Filling up the DagBag from /opt/airflow/dags/ettc_dag.py
[2025-11-01T00:11:28.895+0000] {processor.py:925} INFO - DAG(s) 'ettc_pipeline' retrieved from /opt/airflow/dags/ettc_dag.py
[2025-11-01T00:11:28.918+0000] {logging_mixin.py:190} INFO - [2025-11-01T00:11:28.917+0000] {dag.py:3239} INFO - Sync 1 DAGs
[2025-11-01T00:11:28.929+0000] {logging_mixin.py:190} INFO - [2025-11-01T00:11:28.929+0000] {dag.py:4180} INFO - Setting next_dagrun for ettc_pipeline to None, run_after=None
[2025-11-01T00:11:28.945+0000] {processor.py:208} INFO - Processing /opt/airflow/dags/ettc_dag.py took 0.090 seconds
[2025-11-01T00:11:59.865+0000] {processor.py:186} INFO - Started process (PID=8619) to work on /opt/airflow/dags/ettc_dag.py
[2025-11-01T00:11:59.866+0000] {processor.py:914} INFO - Processing file /opt/airflow/dags/ettc_dag.py for tasks to queue
[2025-11-01T00:11:59.869+0000] {logging_mixin.py:190} INFO - [2025-11-01T00:11:59.868+0000] {dagbag.py:588} INFO - Filling up the DagBag from /opt/airflow/dags/ettc_dag.py
[2025-11-01T00:11:59.897+0000] {processor.py:925} INFO - DAG(s) 'ettc_pipeline' retrieved from /opt/airflow/dags/ettc_dag.py
[2025-11-01T00:11:59.923+0000] {logging_mixin.py:190} INFO - [2025-11-01T00:11:59.922+0000] {dag.py:3239} INFO - Sync 1 DAGs
[2025-11-01T00:11:59.935+0000] {logging_mixin.py:190} INFO - [2025-11-01T00:11:59.935+0000] {dag.py:4180} INFO - Setting next_dagrun for ettc_pipeline to None, run_after=None
[2025-11-01T00:11:59.960+0000] {processor.py:208} INFO - Processing /opt/airflow/dags/ettc_dag.py took 0.100 seconds
